<?xml version="1.0" encoding="UTF-8"?>
<testsuite name="com.rachum.amir.util.permutation.test.PermutationGeneratorTest" tests="4" skipped="0" failures="0" errors="0" timestamp="2016-03-08T09:39:33" hostname="maz" time="0.002">
  <properties/>
  <testcase name="testGet" classname="com.rachum.amir.util.permutation.test.PermutationGeneratorTest" time="0.001"/>
  <testcase name="testNext" classname="com.rachum.amir.util.permutation.test.PermutationGeneratorTest" time="0.0"/>
  <testcase name="testIllegalGetTooBig" classname="com.rachum.amir.util.permutation.test.PermutationGeneratorTest" time="0.0"/>
  <testcase name="testIllegalGetMinus" classname="com.rachum.amir.util.permutation.test.PermutationGeneratorTest" time="0.0"/>
  <system-out><![CDATA[]]></system-out>
  <system-err><![CDATA[]]></system-err>
</testsuite>
