<?xml version="1.0" encoding="UTF-8"?>
<testsuite name="com.rachum.amir.util.index.test.IndexTest" tests="1" skipped="0" failures="0" errors="0" timestamp="2016-03-08T09:39:33" hostname="maz" time="0.001">
  <properties/>
  <testcase name="loopTest" classname="com.rachum.amir.util.index.test.IndexTest" time="0.001"/>
  <system-out><![CDATA[]]></system-out>
  <system-err><![CDATA[]]></system-err>
</testsuite>
